make[1]: Entering directory '/home/isucon/webapp'
sudo pt-query-digest /var/log/mysql/mysql-slow.log

# 660ms user time, 10ms system time, 29.11M rss, 35.14M vsz
# Current date: Sat Jul 23 06:52:19 2022
# Hostname: ip-192-168-0-11
# Files: /var/log/mysql/mysql-slow.log
# Overall: 6.99k total, 25 unique, 25.22 QPS, 0.07x concurrency __________
# Time range: 2022-07-23T06:47:40 to 2022-07-23T06:52:17
# Attribute          total     min     max     avg     95%  stddev  median
# ============     ======= ======= ======= ======= ======= ======= =======
# Exec time            20s     2us      4s     3ms     6ms    45ms     1ms
# Lock time           13ms       0   569us     1us     2us     7us     1us
# Rows sent        526.41k       0   4.88k   77.17  174.84  333.91   28.75
# Rows examine      11.24M       0   3.08M   1.65k   2.76k  37.45k  441.81
# Query size       797.63k       8   1.22k  116.93  202.40   54.67  136.99

# Profile
# Rank Query ID                       Response time Calls R/Call V/M   Ite
# ==== ============================== ============= ===== ====== ===== ===
#    1 0x676347F321DB8BC7FCB05D494... 11.5833 58.2%  4085 0.0028  0.03 SELECT visit_history
#    2 0x2E69352DE16B15042A1217500...  3.9275 19.7%   621 0.0063  0.00 INSERT visit_history
#    3 0x3289E87E94D5A82E348974B3D...  3.8474 19.3%     1 3.8474  0.00 DELETE visit_history
# MISC 0xMISC                          0.5402  2.7%  2278 0.0002   0.0 <22 ITEMS>

# Query 1: 46.42 QPS, 0.13x concurrency, ID 0x676347F321DB8BC7FCB05D4948FC2248 at byte 1055832
# This item is included in the report because it matches --limit.
# Scores: V/M = 0.03
# Time range: 2022-07-23T06:47:47 to 2022-07-23T06:49:15
# Attribute    pct   total     min     max     avg     95%  stddev  median
# ============ === ======= ======= ======= ======= ======= ======= =======
# Count         58    4085
# Exec time     58     12s   164us   208ms     3ms     5ms     9ms     2ms
# Lock time     54     7ms     1us    57us     1us     1us     2us     1us
# Rows sent     98 520.56k       0   4.88k  130.49  183.58  429.04   76.28
# Rows examine  72   8.16M       0  78.96k   2.04k   2.89k   6.75k   1.26k
# Query size    71 573.56k     141     171  143.78  136.99    5.09  136.99
# String:
# Hosts        localhost
# Users        isucon
# Query_time distribution
#   1us
#  10us
# 100us  ###################
#   1ms  ################################################################
#  10ms  #
# 100ms  #
#    1s
#  10s+
# Tables
#    SHOW TABLE STATUS LIKE 'visit_history'\G
#    SHOW CREATE TABLE `visit_history`\G
# EXPLAIN /*!50100 PARTITIONS*/
SELECT player_id, MIN(created_at) AS min_created_at FROM visit_history WHERE tenant_id = 1 AND competition_id = '6396ba682' GROUP BY player_id\G

# Query 2: 2.94 QPS, 0.02x concurrency, ID 0x2E69352DE16B15042A1217500A0400FE at byte 784584
# This item is included in the report because it matches --limit.
# Scores: V/M = 0.00
# Time range: 2022-07-23T06:47:49 to 2022-07-23T06:51:20
# Attribute    pct   total     min     max     avg     95%  stddev  median
# ============ === ======= ======= ======= ======= ======= ======= =======
# Count          8     621
# Exec time     19      4s     3ms    15ms     6ms    10ms     2ms     6ms
# Lock time      7   956us     1us    20us     1us     1us       0     1us
# Rows sent      0       0       0       0       0       0       0       0
# Rows examine   0       0       0       0       0       0       0       0
# Query size    14 117.40k     143     205  193.59  202.40   14.46  202.40
# String:
# Hosts        localhost
# Users        isucon
# Query_time distribution
#   1us
#  10us
# 100us
#   1ms  ################################################################
#  10ms  ####
# 100ms
#    1s
#  10s+
# Tables
#    SHOW TABLE STATUS LIKE 'visit_history'\G
#    SHOW CREATE TABLE `visit_history`\G
INSERT INTO visit_history (player_id, tenant_id, competition_id, created_at, updated_at) VALUES ('2e647ddb-04da-47fd-bd2e-3c200164807c', 18, '52341092-aabf-4a44-9ac3-52663204b780', 1658558892, 1658558892)\G

# Query 3: 0 QPS, 0x concurrency, ID 0x3289E87E94D5A82E348974B3D332E575 at byte 7859
# This item is included in the report because it matches --limit.
# Scores: V/M = 0.00
# Time range: all events occurred at 2022-07-23T06:47:44
# Attribute    pct   total     min     max     avg     95%  stddev  median
# ============ === ======= ======= ======= ======= ======= ======= =======
# Count          0       1
# Exec time     19      4s      4s      4s      4s      4s       0      4s
# Lock time      0     2us     2us     2us     2us     2us       0     2us
# Rows sent      0       0       0       0       0       0       0       0
# Rows examine  27   3.08M   3.08M   3.08M   3.08M   3.08M       0   3.08M
# Query size     0      58      58      58      58      58       0      58
# String:
# Hosts        localhost
# Users        isucon
# Query_time distribution
#   1us
#  10us
# 100us
#   1ms
#  10ms
# 100ms
#    1s  ################################################################
#  10s+
# Tables
#    SHOW TABLE STATUS LIKE 'visit_history'\G
#    SHOW CREATE TABLE `visit_history`\G
DELETE FROM visit_history WHERE created_at >= '1654041600'\G
# Converted for EXPLAIN
# EXPLAIN /*!50100 PARTITIONS*/
select * from  visit_history WHERE created_at >= '1654041600'\G
make[1]: Leaving directory '/home/isucon/webapp'
