make[1]: Entering directory '/home/isucon/webapp'
sudo alp ltsv --file=/var/log/nginx/access.log --sort sum --reverse -o count,method,uri,min,max,sum,avg,p99,1xx,2xx,3xx,4xx,5xx -m "/api/player/competition/[a-z0-9-]+/ranking,/api/player/player/\w+,/api/organizer/competition/[a-z0-9-]+/score,/api/organizer/competition/[a-z0-9-]+/finish,/api/organizer/player/[a-z0-9-]+/disqualified"
+-------+--------+-----------------------------------------------+-------+--------+---------+-------+--------+-----+-----+-----+-----+-----+
| COUNT | METHOD |                      URI                      |  MIN  |  MAX   |   SUM   |  AVG  |  P99   | 1XX | 2XX | 3XX | 4XX | 5XX |
+-------+--------+-----------------------------------------------+-------+--------+---------+-------+--------+-----+-----+-----+-----+-----+
|   727 | GET    | /api/player/competition/[a-z0-9-]+/ranking    | 0.004 | 14.644 | 982.824 | 1.352 |  9.864 |   0 | 685 |   0 |  42 |   0 |
|   512 | GET    | /api/player/player/\w+                        | 0.004 | 14.652 | 743.632 | 1.452 |  9.968 |   0 | 474 |   0 |  38 |   0 |
|    59 | POST   | /api/organizer/competition/[a-z0-9-]+/score   | 0.004 | 11.696 | 103.252 | 1.750 | 11.696 |   0 |  51 |   0 |   8 |   0 |
|    21 | GET    | /api/admin/tenants/billing                    | 0.928 | 22.444 |  90.324 | 4.301 | 22.444 |   0 |  20 |   0 |   1 |   0 |
|    21 | GET    | /api/organizer/billing                        | 0.008 | 12.312 |  33.616 | 1.601 | 12.312 |   0 |  21 |   0 |   0 |   0 |
|     7 | POST   | /api/organizer/players/add                    | 1.384 |  4.060 |  17.664 | 2.523 |  4.060 |   0 |   7 |   0 |   0 |   0 |
|     2 | POST   | /initialize                                   | 5.304 |  5.304 |   5.304 | 2.652 |  5.304 |   0 |   1 |   0 |   0 |   1 |
|   107 | GET    | /api/player/competitions                      | 0.004 |  0.172 |   3.600 | 0.034 |  0.104 |   0 |  95 |   0 |  12 |   0 |
|    41 | POST   | /api/organizer/competitions/add               | 0.008 |  0.056 |   1.088 | 0.027 |  0.056 |   0 |  40 |   0 |   1 |   0 |
|    36 | POST   | /api/organizer/competition/[a-z0-9-]+/finish  | 0.004 |  0.064 |   0.880 | 0.024 |  0.064 |   0 |  35 |   0 |   1 |   0 |
|    11 | POST   | /api/admin/tenants/add                        | 0.012 |  0.372 |   0.816 | 0.074 |  0.372 |   0 |   6 |   0 |   5 |   0 |
|    15 | POST   | /api/organizer/player/[a-z0-9-]+/disqualified | 0.012 |  0.048 |   0.380 | 0.025 |  0.048 |   0 |  14 |   0 |   1 |   0 |
|    27 | GET    | /api/organizer/players                        | 0.004 |  0.036 |   0.348 | 0.013 |  0.036 |   0 |  27 |   0 |   0 |   0 |
|     4 | GET    | /api/me                                       | 0.004 |  0.004 |   0.016 | 0.004 |  0.004 |   0 |   4 |   0 |   0 |   0 |
|     1 | GET    | /css/app.83b4c321.css                         | 0.000 |  0.000 |   0.000 | 0.000 |  0.000 |   0 |   1 |   0 |   0 |   0 |
|     1 | GET    | /js/app.3a4ec98c.js                           | 0.000 |  0.000 |   0.000 | 0.000 |  0.000 |   0 |   1 |   0 |   0 |   0 |
|     1 | GET    | /index.html                                   | 0.000 |  0.000 |   0.000 | 0.000 |  0.000 |   0 |   1 |   0 |   0 |   0 |
|     1 | GET    | /api/organizer/competitions                   | 0.000 |  0.000 |   0.000 | 0.000 |  0.000 |   0 |   1 |   0 |   0 |   0 |
|     1 | GET    | /linear-swap-ws                               | 0.000 |  0.000 |   0.000 | 0.000 |  0.000 |   0 |   0 |   0 |   1 |   0 |
|     2 | GET    | /organizer/billing                            | 0.000 |  0.000 |   0.000 | 0.000 |  0.000 |   0 |   0 |   2 |   0 |   0 |
+-------+--------+-----------------------------------------------+-------+--------+---------+-------+--------+-----+-----+-----+-----+-----+
make[1]: Leaving directory '/home/isucon/webapp'
