make[1]: Entering directory '/home/isucon/webapp'
sudo pt-query-digest /var/log/mysql/mysql-slow.log

# 640ms user time, 10ms system time, 29.16M rss, 35.12M vsz
# Current date: Sat Jul 23 06:24:26 2022
# Hostname: ip-192-168-0-11
# Files: /var/log/mysql/mysql-slow.log
# Overall: 6.63k total, 19 unique, 37.02 QPS, 0.11x concurrency __________
# Time range: 2022-07-23T06:21:21 to 2022-07-23T06:24:20
# Attribute          total     min     max     avg     95%  stddev  median
# ============     ======= ======= ======= ======= ======= ======= =======
# Exec time            20s     3us      4s     3ms     7ms    48ms     1ms
# Lock time           12ms       0    99us     1us     2us     2us     1us
# Rows sent        430.79k       0   4.88k   66.57  174.84  245.88   34.95
# Rows examine       9.74M       0   3.08M   1.50k   2.62k  38.26k  487.09
# Query size       758.31k       8     205  117.17  202.40   49.77  136.99

# Profile
# Rank Query ID                       Response time Calls R/Call V/M   Ite
# ==== ============================== ============= ===== ====== ===== ===
#    1 0x676347F321DB8BC7FCB05D494... 11.6335 57.4%  3884 0.0030  0.02 SELECT visit_history
#    2 0x2E69352DE16B15042A1217500...  4.1535 20.5%   616 0.0067  0.00 INSERT visit_history
#    3 0x3289E87E94D5A82E348974B3D...  3.9325 19.4%     1 3.9325  0.00 DELETE visit_history
# MISC 0xMISC                          0.5370  2.7%  2126 0.0003   0.0 <16 ITEMS>

# Query 1: 56.29 QPS, 0.17x concurrency, ID 0x676347F321DB8BC7FCB05D4948FC2248 at byte 966349
# This item is included in the report because it matches --limit.
# Scores: V/M = 0.02
# Time range: 2022-07-23T06:21:29 to 2022-07-23T06:22:38
# Attribute    pct   total     min     max     avg     95%  stddev  median
# ============ === ======= ======= ======= ======= ======= ======= =======
# Count         58    3884
# Exec time     57     12s   159us   157ms     3ms     6ms     8ms     2ms
# Lock time     58     7ms     1us    99us     1us     2us     2us     1us
# Rows sent     98 425.35k       0   4.88k  112.14  174.84  313.53   80.10
# Rows examine  68   6.65M       0  78.96k   1.75k   2.89k   4.93k   1.33k
# Query size    71 545.10k     141     171  143.71  136.99    4.82  136.99
# String:
# Hosts        localhost
# Users        isucon
# Query_time distribution
#   1us
#  10us
# 100us  ###############
#   1ms  ################################################################
#  10ms  #
# 100ms  #
#    1s
#  10s+
# Tables
#    SHOW TABLE STATUS LIKE 'visit_history'\G
#    SHOW CREATE TABLE `visit_history`\G
# EXPLAIN /*!50100 PARTITIONS*/
SELECT player_id, MIN(created_at) AS min_created_at FROM visit_history WHERE tenant_id = 1 AND competition_id = '4447b4e1' GROUP BY player_id\G

# Query 2: 9.48 QPS, 0.06x concurrency, ID 0x2E69352DE16B15042A1217500A0400FE at byte 109104
# This item is included in the report because it matches --limit.
# Scores: V/M = 0.00
# Time range: 2022-07-23T06:21:31 to 2022-07-23T06:22:36
# Attribute    pct   total     min     max     avg     95%  stddev  median
# ============ === ======= ======= ======= ======= ======= ======= =======
# Count          9     616
# Exec time     20      4s     3ms    29ms     7ms    11ms     3ms     6ms
# Lock time      8   969us     1us     4us     1us     1us       0     1us
# Rows sent      0       0       0       0       0       0       0       0
# Rows examine   0       0       0       0       0       0       0       0
# Query size    15 116.68k     149     205  193.96  202.40   14.10  202.40
# String:
# Hosts        localhost
# Users        isucon
# Query_time distribution
#   1us
#  10us
# 100us
#   1ms  ################################################################
#  10ms  ######
# 100ms
#    1s
#  10s+
# Tables
#    SHOW TABLE STATUS LIKE 'visit_history'\G
#    SHOW CREATE TABLE `visit_history`\G
INSERT INTO visit_history (player_id, tenant_id, competition_id, created_at, updated_at) VALUES ('3643a6373', 21, '05c48535-c404-4117-bb64-2cb4baa5efaf', 1658557296, 1658557296)\G

# Query 3: 0 QPS, 0x concurrency, ID 0x3289E87E94D5A82E348974B3D332E575 at byte 471
# This item is included in the report because it matches --limit.
# Scores: V/M = 0.00
# Time range: all events occurred at 2022-07-23T06:21:25
# Attribute    pct   total     min     max     avg     95%  stddev  median
# ============ === ======= ======= ======= ======= ======= ======= =======
# Count          0       1
# Exec time     19      4s      4s      4s      4s      4s       0      4s
# Lock time      0     2us     2us     2us     2us     2us       0     2us
# Rows sent      0       0       0       0       0       0       0       0
# Rows examine  31   3.08M   3.08M   3.08M   3.08M   3.08M       0   3.08M
# Query size     0      58      58      58      58      58       0      58
# String:
# Hosts        localhost
# Users        isucon
# Query_time distribution
#   1us
#  10us
# 100us
#   1ms
#  10ms
# 100ms
#    1s  ################################################################
#  10s+
# Tables
#    SHOW TABLE STATUS LIKE 'visit_history'\G
#    SHOW CREATE TABLE `visit_history`\G
DELETE FROM visit_history WHERE created_at >= '1654041600'\G
# Converted for EXPLAIN
# EXPLAIN /*!50100 PARTITIONS*/
select * from  visit_history WHERE created_at >= '1654041600'\G
make[1]: Leaving directory '/home/isucon/webapp'
